<?xml version="1.0" encoding="UTF-8"?>
<!-- Generated by org.testng.reporters.JUnitReportReporter -->
<testsuite hostname="PQA-0676LT" failures="0" tests="1" name="Runner.Run" time="0.114" errors="0" timestamp="2022-10-05T11:51:04 EDT" skipped="0">
  <testcase classname="Runner.Run" name="runScenario" time="0.114"/>
  <system-out/>
</testsuite> <!-- Runner.Run -->
